[02:14:15] [ServerMain/INFO]: Environment: authHost='https://authserver.mojang.com', accountsHost='https://api.mojang.com', sessionHost='https://sessionserver.mojang.com', servicesHost='https://api.minecraftservices.com', name='PROD'
[02:14:16] [ServerMain/INFO]: Loaded 7 recipes
[02:14:17] [Server thread/INFO]: Starting minecraft server version 1.20.1
[02:14:17] [Server thread/INFO]: Loading properties
[02:14:17] [Server thread/INFO]: This server is running Paper version git-Paper-196 (MC: 1.20.1) (Implementing API version 1.20.1-R0.1-SNAPSHOT) (Git: 773dd72)
[02:14:18] [Server thread/INFO]: Server Ping Player Sample Count: 12
[02:14:18] [Server thread/INFO]: Using 4 threads for Netty based IO
[02:14:18] [Server thread/WARN]: [!] The timings profiler has been enabled but has been scheduled for removal from Paper in the future.
    We recommend installing the spark profiler as a replacement: https://spark.lucko.me/
    For more information please visit: https://github.com/PaperMC/Paper/issues/8948
[02:14:18] [Server thread/INFO]: [ChunkTaskScheduler] Chunk system is using 1 I/O threads, 1 worker threads, and gen parallelism of 1 threads
[02:14:18] [Server thread/INFO]: Default game type: SURVIVAL
[02:14:18] [Server thread/INFO]: Generating keypair
[02:14:18] [Server thread/INFO]: Starting Minecraft server on *:25565
[02:14:18] [Server thread/INFO]: Using epoll channel type
[02:14:18] [Server thread/INFO]: Paper: Using libdeflate (Linux x86_64) compression from Velocity.
[02:14:18] [Server thread/INFO]: Paper: Using OpenSSL 1.1.x (Linux x86_64) cipher from Velocity.
[02:14:19] [Server thread/INFO]: [Vault] Loading server plugin Vault v1.7.3-b131
[02:14:19] [Server thread/INFO]: [PlaceholderAPI] Loading server plugin PlaceholderAPI v2.11.5
[02:14:19] [Server thread/INFO]: [Essentials] Loading server plugin Essentials v2.21.0-dev+71-3817a11
[02:14:19] [Server thread/INFO]: [ViaVersion] Loading server plugin ViaVersion v4.9.3
[02:14:19] [Server thread/INFO]: [ViaVersion] ViaVersion 4.9.3 is now loaded. Registering protocol transformers and injecting...
[02:14:19] [Via-Mappingloader-0/INFO]: [ViaVersion] Loading block connection mappings ...
[02:14:19] [Via-Mappingloader-0/INFO]: [ViaVersion] Using FastUtil Long2ObjectOpenHashMap for block connections
[02:14:19] [Server thread/ERROR]: [ViaVersion] Error initializing plugin 'ViaVersion-4.9.3.jar' in folder 'plugins' (Is it up to date?)
java.lang.NoSuchMethodError: 'void com.viaversion.viaversion.util.Config.reloadConfig()'
	at com.viaversion.viabackwards.ViaBackwardsConfig.reloadConfig(ViaBackwardsConfig.java:45) ~[ViaBackwards-4.7.0.jar:?]
	at com.viaversion.viabackwards.api.ViaBackwardsPlatform.init(ViaBackwardsPlatform.java:72) ~[ViaBackwards-4.7.0.jar:?]
	at com.viaversion.viabackwards.BukkitPlugin.lambda$new$0(BukkitPlugin.java:33) ~[ViaBackwards-4.7.0.jar:?]
	at com.viaversion.viaversion.ViaManagerImpl.init(ViaManagerImpl.java:111) ~[ViaVersion-4.9.3.jar:?]
	at com.viaversion.viaversion.ViaVersionPlugin.onLoad(ViaVersionPlugin.java:91) ~[ViaVersion-4.9.3.jar:?]
	at io.papermc.paper.plugin.storage.ServerPluginProviderStorage.processProvided(ServerPluginProviderStorage.java:59) ~[paper-1.20.1.jar:git-Paper-196]
	at io.papermc.paper.plugin.storage.ServerPluginProviderStorage.processProvided(ServerPluginProviderStorage.java:18) ~[paper-1.20.1.jar:git-Paper-196]
	at io.papermc.paper.plugin.storage.SimpleProviderStorage.enter(SimpleProviderStorage.java:40) ~[paper-1.20.1.jar:git-Paper-196]
	at io.papermc.paper.plugin.entrypoint.LaunchEntryPointHandler.enter(LaunchEntryPointHandler.java:36) ~[paper-1.20.1.jar:git-Paper-196]
	at org.bukkit.craftbukkit.v1_20_R1.CraftServer.loadPlugins(CraftServer.java:510) ~[paper-1.20.1.jar:git-Paper-196]
	at net.minecraft.server.dedicated.DedicatedServer.initServer(DedicatedServer.java:273) ~[paper-1.20.1.jar:git-Paper-196]
	at net.minecraft.server.MinecraftServer.runServer(MinecraftServer.java:1100) ~[paper-1.20.1.jar:git-Paper-196]
	at net.minecraft.server.MinecraftServer.lambda$spin$0(MinecraftServer.java:317) ~[paper-1.20.1.jar:git-Paper-196]
	at java.lang.Thread.run(Thread.java:1583) ~[?:?]
[02:14:19] [Server thread/INFO]: [DecentHolograms] Loading server plugin DecentHolograms v2.8.6
[02:14:19] [Server thread/INFO]: [EssentialsChat] Loading server plugin EssentialsChat v2.21.0-dev+71-3817a11
[02:14:19] [Server thread/INFO]: [TreeAssist] Loading server plugin TreeAssist v7.3.51
[02:14:19] [Server thread/INFO]: [TreeAssist] Loading main config file: /config.yml
[02:14:20] [Server thread/INFO]: [AxiomPaper] Loading server plugin AxiomPaper v1.5.9
[02:14:20] [Server thread/INFO]: [ActionHealth] Loading server plugin ActionHealth v3.5.9
[02:14:20] [Server thread/INFO]: [AnvilColors] Loading server plugin AnvilColors v1.0.1
[02:14:20] [Server thread/INFO]: [TaiXiu] Loading server plugin TaiXiu v1.1.4
[02:14:20] [Server thread/INFO]: [ViaBackwards] Loading server plugin ViaBackwards v4.7.0
[02:14:20] [Server thread/INFO]: [Coins] Loading server plugin Coins v1.13.1
[02:14:20] [Server thread/INFO]: [ajLeaderboards] Loading server plugin ajLeaderboards v2.8.0
[02:14:20] [Server thread/INFO]: [ajLeaderboards] Verifying checksum for gson
[02:14:20] [Server thread/INFO]: [ajLeaderboards] Checksum matched for gson
[02:14:20] [Server thread/INFO]: [ajLeaderboards] Verifying checksum for jar-relocator
[02:14:20] [Server thread/INFO]: [ajLeaderboards] Checksum matched for jar-relocator
[02:14:20] [Server thread/INFO]: [ajLeaderboards] Verifying checksum for asm
[02:14:20] [Server thread/INFO]: [ajLeaderboards] Checksum matched for asm
[02:14:20] [Server thread/INFO]: [ajLeaderboards] Verifying checksum for asm-commons
[02:14:20] [Server thread/INFO]: [ajLeaderboards] Checksum matched for asm-commons
[02:14:20] [Server thread/INFO]: [ajLeaderboards] Verifying checksum for gson
[02:14:20] [Server thread/INFO]: [ajLeaderboards] Checksum matched for gson
[02:14:20] [Server thread/INFO]: [ajLeaderboards] Verifying checksum for HikariCP
[02:14:20] [Server thread/INFO]: [ajLeaderboards] Checksum matched for HikariCP
[02:14:20] [Server thread/INFO]: [ajLeaderboards] Verifying checksum for slf4j-api
[02:14:20] [Server thread/INFO]: [ajLeaderboards] Checksum matched for slf4j-api
[02:14:20] [Server thread/INFO]: [ajLeaderboards] Verifying checksum for h2
[02:14:20] [Server thread/INFO]: [ajLeaderboards] Checksum matched for h2
[02:14:20] [Server thread/INFO]: [NametagEdit] Loading server plugin NametagEdit v4.5.20
[02:14:20] [Server thread/INFO]: [WorldEdit] Loading server plugin WorldEdit v7.2.15+6463-5ca4dff
[02:14:21] [Server thread/INFO]: Got request to register class com.sk89q.worldedit.bukkit.BukkitServerInterface with WorldEdit [com.sk89q.worldedit.extension.platform.PlatformManager@2a82a3a9]
[02:14:21] [Server thread/INFO]: [TAB] Loading server plugin TAB v4.0.3
[02:14:21] [Server thread/INFO]: Server permissions file permissions.yml is empty, ignoring it
[02:14:21] [Server thread/INFO]: [Vault] Enabling Vault v1.7.3-b131
[02:14:21] [Server thread/INFO]: [Vault] [Economy] Essentials Economy found: Waiting
[02:14:21] [Server thread/INFO]: [Vault] [Permission] SuperPermissions loaded as backup permission system.
[02:14:21] [Server thread/INFO]: [Vault] Enabled Version 1.7.3-b131
[02:14:21] [Server thread/INFO]: [WorldEdit] Enabling WorldEdit v7.2.15+6463-5ca4dff
[02:14:21] [Server thread/INFO]: Registering commands with com.sk89q.worldedit.bukkit.BukkitServerInterface
[02:14:21] [Server thread/INFO]: WEPIF: Vault detected! Using Vault for permissions
[02:14:21] [Server thread/INFO]: Using com.sk89q.worldedit.bukkit.adapter.impl.v1_20_R1.PaperweightAdapter as the Bukkit adapter
[02:14:22] [Server thread/WARN]: **** SERVER IS RUNNING IN OFFLINE/INSECURE MODE!
[02:14:22] [Server thread/WARN]: The server will make no attempt to authenticate usernames. Beware.
[02:14:22] [Server thread/WARN]: While this makes the game possible to play without internet access, it also opens up the ability for hackers to connect with any username they choose.
[02:14:22] [Server thread/WARN]: To change this, set "online-mode" to "true" in the server.properties file.
[02:14:22] [Server thread/INFO]: Preparing level "world"
[02:14:23] [Server thread/INFO]: Preparing start region for dimension minecraft:overworld
[02:14:23] [Server thread/INFO]: Time elapsed: 204 ms
[02:14:23] [Server thread/INFO]: Preparing start region for dimension minecraft:the_nether
[02:14:24] [Server thread/INFO]: Time elapsed: 66 ms
[02:14:24] [Server thread/INFO]: Preparing start region for dimension minecraft:the_end
[02:14:24] [Server thread/INFO]: Time elapsed: 57 ms
[02:14:24] [Server thread/INFO]: [PlaceholderAPI] Enabling PlaceholderAPI v2.11.5
[02:14:24] [Server thread/INFO]: [PlaceholderAPI] Fetching available expansion information...
[02:14:24] [Server thread/INFO]: [Essentials] Enabling Essentials v2.21.0-dev+71-3817a11
[02:14:25] [Server thread/ERROR]: [Essentials] You are running an unsupported server version!
[02:14:25] [Server thread/INFO]: [Essentials] Attempting to convert old kits in config.yml to new kits.yml
[02:14:25] [Server thread/INFO]: [Essentials] No kits found to migrate.
[02:14:25] [Server thread/INFO]: [Essentials] Loaded 39095 items from items.json.
[02:14:25] [Server thread/INFO]: [Essentials] Using locale en
[02:14:25] [Server thread/INFO]: [Essentials] ServerListPingEvent: Spigot iterator API
[02:14:26] [Server thread/INFO]: [Essentials] Starting Metrics. Opt-out using the global bStats config.
[02:14:26] [Server thread/INFO]: [Vault] [Economy] Essentials Economy hooked.
[02:14:26] [Server thread/INFO]: [Essentials] Using superperms-based permissions.
[02:14:26] [Server thread/INFO]: [ViaVersion] Enabling ViaVersion v4.9.3
[02:14:26] [Server thread/INFO]: [ViaVersion] ViaVersion detected server version: 1.20/1.20.1 (763)
[02:14:26] [Server thread/INFO]: [DecentHolograms] Enabling DecentHolograms v2.8.6
[02:14:26] [Server thread/INFO]: [EssentialsChat] Enabling EssentialsChat v2.21.0-dev+71-3817a11
[02:14:26] [Server thread/INFO]: [EssentialsChat] Starting Metrics. Opt-out using the global bStats config.
[02:14:26] [Server thread/INFO]: [TreeAssist] Enabling TreeAssist v7.3.51
[02:14:26] [Server thread/INFO]: [TreeAssist] sending full Metrics! You can deactivate this in the config.yml
[02:14:26] [Server thread/INFO]: [TreeAssist] debugging: off
[02:14:26] [Server thread/INFO]: [PlaceholderAPI] Successfully registered internal expansion: ta [0.0.1]
[02:14:26] [Server thread/INFO]: [AxiomPaper] Enabling AxiomPaper v1.5.9
[02:14:26] [Thread-9/INFO]: [TreeAssist] Checking for updates...
[02:14:27] [Server thread/INFO]: [ActionHealth] Enabling ActionHealth v3.5.9
[02:14:27] [Server thread/INFO]: [AnvilColors] Enabling AnvilColors v1.0.1
[02:14:27] [Server thread/INFO]: [TaiXiu] Enabling TaiXiu v1.1.4
[02:14:27] [Server thread/INFO]: --------------------------------
[02:14:27] [Server thread/INFO]: ▀▀█▀▀  █▀▀█ ▀█▀   ▀▄ ▄▀ ▀█▀  █  █
[02:14:27] [Server thread/INFO]:   █    █▄▄█  █      █    █   █  █
[02:14:27] [Server thread/INFO]:   █    █  █ ▄█▄   ▄▀ ▀▄ ▄█▄  ▀▄▄▀
[02:14:27] [Server thread/INFO]: 
[02:14:27] [Server thread/INFO]: Version: 1.1.4
[02:14:27] [Server thread/INFO]: Author: Cortez_Romeo
[02:14:27] [Server thread/INFO]: Khởi chạy plugin trên phiên bản: v1_20_R1
[02:14:27] [Server thread/INFO]: --------------------------------
[02:14:27] [Server thread/INFO]: [PlaceholderAPI] Successfully registered internal expansion: taixiu [1.1.4]
[02:14:27] [Server thread/INFO]: [ViaBackwards] Enabling ViaBackwards v4.7.0
[02:14:27] [Server thread/INFO]: [Coins] Enabling Coins v1.13.1
[02:14:27] [Server thread/INFO]: [Coins] Vault is used as the economy provider.
[02:14:27] [Server thread/INFO]: [Coins] Initialized in 99ms.
[02:14:27] [Server thread/INFO]: [ajLeaderboards] Enabling ajLeaderboards v2.8.0
[02:14:27] [Server thread/INFO]: [ajLeaderboards] Using H2 flatfile for board cache. (h2)
[02:14:28] [Server thread/INFO]: [ajLeaderboards] Loaded 5 boards
[02:14:28] [Server thread/INFO]: [PlaceholderAPI] Successfully registered internal expansion: ajlb [2.8.0]
[02:14:28] [Server thread/INFO]: [ajLeaderboards] PAPI placeholders successfully registered!
[02:14:28] [Server thread/INFO]: [ajLeaderboards] ajLeaderboards v2.8.0 by ajgeiss0702 enabled!
[02:14:28] [Server thread/INFO]: [NametagEdit] Enabling NametagEdit v4.5.20
[02:14:28] [Server thread/INFO]: [NametagEdit] Successfully loaded using bukkit version: v1_20_R1
[02:14:28] [Server thread/INFO]: [TAB] Enabling TAB v4.0.3
[02:14:28] [Server thread/INFO]: [TAB] Server version: 1.20.1 (v1_20_R1)
[02:14:28] [Server thread/INFO]: [TAB] Loaded NMS hook in 75ms
[02:14:29] [Server thread/INFO]: [TAB] Enabled in 232ms
[02:14:29] [Server thread/INFO]: [PlaceholderAPI] Placeholder expansion registration initializing...
[02:14:29] [Server thread/INFO]: Running delayed init tasks
[02:14:29] [Server thread/INFO]: [Essentials] Essentials found a compatible payment resolution method: Vault Compatibility Layer (v1.7.3-b131)!
[02:14:29] [Craft Scheduler Thread - 2 - Essentials/INFO]: [Essentials] Fetching version information...
[02:14:29] [Craft Scheduler Thread - 0 - ViaVersion/INFO]: [ViaVersion] Finished mapping loading, shutting down loader executor!
[02:14:29] [Craft Scheduler Thread - 0 - DecentHolograms/INFO]: [DecentHolograms] Loading holograms... 
[02:14:29] [Server thread/INFO]: Done (12.262s)! For help, type "help"
[02:14:29] [Server thread/INFO]: Timings Reset
[02:14:29] [Craft Scheduler Thread - 4 - ajLeaderboards/WARN]: [ajLeaderboards] Vault prefix hook failed! Make sure you have a plugin that implements chat (e.g. Luckperms)
[02:14:29] [Craft Scheduler Thread - 6 - Vault/INFO]: [Vault] Checking for Updates ... 
[02:14:29] [Craft Scheduler Thread - 0 - DecentHolograms/INFO]: [DecentHolograms] Loaded 8 holograms!
[02:14:29] [Server thread/INFO]: [PlaceholderAPI] Successfully registered external expansion: statistic [2.0.1]
[02:14:29] [Server thread/INFO]: [PlaceholderAPI] Successfully registered external expansion: essentials [1.5.2]
[02:14:29] [Server thread/INFO]: [PlaceholderAPI] Successfully registered external expansion: vault [1.8.3]
[02:14:29] [Server thread/INFO]: [PlaceholderAPI] Successfully registered external expansion: player [2.0.8]
[02:14:29] [Server thread/INFO]: [PlaceholderAPI] Successfully registered external expansion: server [2.6.2]
[02:14:29] [Server thread/INFO]: 5 placeholder hook(s) registered!
[02:14:29] [Craft Scheduler Thread - 6 - Vault/INFO]: [Vault] No new version available
[02:15:04] [Server thread/INFO]: Stopping server
[02:15:04] [Server thread/INFO]: [TAB] Disabling TAB v4.0.3
[02:15:04] [Server thread/INFO]: [TAB] Disabled in 1ms
[02:15:04] [Server thread/INFO]: [WorldEdit] Disabling WorldEdit v7.2.15+6463-5ca4dff
[02:15:04] [Server thread/INFO]: Unregistering com.sk89q.worldedit.bukkit.BukkitServerInterface from WorldEdit
[02:15:04] [Server thread/INFO]: [NametagEdit] Disabling NametagEdit v4.5.20
[02:15:04] [Server thread/INFO]: [ajLeaderboards] Disabling ajLeaderboards v2.8.0
[02:15:04] [pool-26-thread-1/INFO]: [ajLeaderboards] Shutting down cache method..
[02:15:04] [pool-26-thread-1/INFO]: [ajLeaderboards] Cache method shut down
[02:15:04] [Server thread/INFO]: [ajLeaderboards] Killing remaining workers
[02:15:04] [Server thread/INFO]: [ajLeaderboards] Remaining workers killed
[02:15:04] [Server thread/INFO]: [ajLeaderboards] ajLeaderboards v2.8.0 disabled.
[02:15:04] [Server thread/INFO]: [Coins] Disabling Coins v1.13.1
[02:15:04] [Server thread/INFO]: [ViaBackwards] Disabling ViaBackwards v4.7.0
[02:15:04] [Server thread/INFO]: [TaiXiu] Disabling TaiXiu v1.1.4
[02:15:04] [Server thread/INFO]: --------------------------------
[02:15:04] [Server thread/INFO]: ▀▀█▀▀  █▀▀█ ▀█▀   ▀▄ ▄▀ ▀█▀  █  █
[02:15:04] [Server thread/INFO]:   █    █▄▄█  █      █    █   █  █
[02:15:04] [Server thread/INFO]:   █    █  █ ▄█▄   ▄▀ ▀▄ ▄█▄  ▀▄▄▀
[02:15:04] [Server thread/INFO]: 
[02:15:04] [Server thread/INFO]: Version: 1.1.4
[02:15:04] [Server thread/INFO]: Author: Cortez_Romeo
[02:15:04] [Server thread/INFO]: --------------------------------
[02:15:04] [Server thread/INFO]: [TAI XIU] Tiến hành save dữ liệu cuối cùng (Số 7)
[02:15:04] [Server thread/INFO]: [TAI XIU] Save dữ liệu số 7 thành công!
[02:15:04] [Server thread/INFO]: [AnvilColors] Disabling AnvilColors v1.0.1
[02:15:04] [Server thread/INFO]: [ActionHealth] Disabling ActionHealth v3.5.9
[02:15:04] [Server thread/INFO]: [AxiomPaper] Disabling AxiomPaper v1.5.9
[02:15:04] [Server thread/INFO]: [TreeAssist] Disabling TreeAssist v7.3.51
[02:15:04] [Server thread/INFO]: [EssentialsChat] Disabling EssentialsChat v2.21.0-dev+71-3817a11
[02:15:04] [Server thread/INFO]: [DecentHolograms] Disabling DecentHolograms v2.8.6
[02:15:04] [Server thread/INFO]: [ViaVersion] Disabling ViaVersion v4.9.3
[02:15:04] [Server thread/INFO]: [ViaVersion] ViaVersion is disabling, if this is a reload and you experience issues consider rebooting.
[02:15:04] [Server thread/INFO]: [Essentials] Disabling Essentials v2.21.0-dev+71-3817a11
[02:15:04] [Server thread/INFO]: [Vault] [Economy] Essentials Economy unhooked.
[02:15:04] [Server thread/INFO]: [PlaceholderAPI] Disabling PlaceholderAPI v2.11.5
[02:15:04] [Server thread/INFO]: [Vault] Disabling Vault v1.7.3-b131
[02:15:04] [Server thread/INFO]: Saving players
[02:15:04] [Server thread/INFO]: Saving worlds
[02:15:04] [Server thread/INFO]: Saving chunks for level 'ServerLevel[world]'/minecraft:overworld
[02:15:04] [Server thread/INFO]: [ChunkHolderManager] Waiting 60s for chunk system to halt for world 'world'
[02:15:04] [Server thread/INFO]: [ChunkHolderManager] Halted chunk system for world 'world'
[02:15:04] [Server thread/INFO]: [ChunkHolderManager] Saving all chunkholders for world 'world'
